{"/Users/zoepage/Projekte/minutes.io/bootstrap-smartdate-input/smartdate-input.js":{"path":"/Users/zoepage/Projekte/minutes.io/bootstrap-smartdate-input/smartdate-input.js","s":{"1":1,"2":0,"3":0,"4":0,"5":0,"6":0,"7":0,"8":0,"9":1,"10":0,"11":0,"12":0,"13":0,"14":0,"15":0,"16":0,"17":0,"18":0,"19":0,"20":0,"21":0,"22":0,"23":0,"24":0,"25":0,"26":0,"27":0,"28":0,"29":0,"30":0,"31":0,"32":0,"33":0,"34":0,"35":0,"36":0,"37":0,"38":0,"39":0,"40":0,"41":0,"42":0,"43":0,"44":0,"45":0,"46":0,"47":0,"48":0,"49":0,"50":0,"51":0,"52":0,"53":0,"54":0,"55":0,"56":0,"57":0,"58":0,"59":0,"60":0,"61":0,"62":0,"63":0,"64":0,"65":0,"66":1,"67":0,"68":0,"69":0,"70":0,"71":0,"72":0,"73":0,"74":0,"75":0,"76":0,"77":1,"78":0,"79":0,"80":1,"81":0,"82":0,"83":0,"84":0,"85":0,"86":0,"87":0,"88":0,"89":0,"90":0,"91":0,"92":0,"93":0,"94":1,"95":0,"96":0,"97":0,"98":0,"99":0,"100":0,"101":0,"102":0,"103":0,"104":0,"105":0,"106":0,"107":0,"108":0,"109":0,"110":0,"111":0,"112":0,"113":0,"114":0,"115":0,"116":0,"117":0,"118":0,"119":0,"120":0,"121":0,"122":0,"123":0,"124":0},"b":{"1":[0,0],"2":[0,0,0],"3":[0,0],"4":[0,0],"5":[0,0,0],"6":[0,0],"7":[0,0],"8":[0,0],"9":[0,0],"10":[0,0],"11":[0,0],"12":[0,0],"13":[0,0],"14":[0,0],"15":[0,0],"16":[0,0],"17":[0,0],"18":[0,0],"19":[0,0],"20":[0,0],"21":[0,0],"22":[0,0],"23":[0,0],"24":[0,0],"25":[0,0],"26":[0,0],"27":[0,0],"28":[0,0],"29":[0,0]},"f":{"1":0,"2":0,"3":0,"4":0,"5":0,"6":0,"7":0,"8":0,"9":0,"10":0,"11":0,"12":0,"13":0,"14":0,"15":0},"fnMap":{"1":{"name":"(anonymous_1)","line":5,"loc":{"start":{"line":5,"column":1},"end":{"line":5,"column":22}}},"2":{"name":"(anonymous_2)","line":14,"loc":{"start":{"line":14,"column":18},"end":{"line":14,"column":42}}},"3":{"name":"initialize","line":25,"loc":{"start":{"line":25,"column":4},"end":{"line":25,"column":27}}},"4":{"name":"set","line":54,"loc":{"start":{"line":54,"column":14},"end":{"line":54,"column":43}}},"5":{"name":"setFormat","line":84,"loc":{"start":{"line":84,"column":20},"end":{"line":84,"column":51}}},"6":{"name":"setEvent","line":98,"loc":{"start":{"line":98,"column":19},"end":{"line":98,"column":49}}},"7":{"name":"(anonymous_7)","line":103,"loc":{"start":{"line":103,"column":20},"end":{"line":103,"column":40}}},"8":{"name":"(anonymous_8)","line":106,"loc":{"start":{"line":106,"column":14},"end":{"line":106,"column":34}}},"9":{"name":"handleFormatChangeEvent","line":123,"loc":{"start":{"line":123,"column":4},"end":{"line":123,"column":49}}},"10":{"name":"updateSettings","line":144,"loc":{"start":{"line":144,"column":4},"end":{"line":144,"column":42}}},"11":{"name":"parseFormat","line":153,"loc":{"start":{"line":153,"column":4},"end":{"line":153,"column":38}}},"12":{"name":"parseTimestamp","line":177,"loc":{"start":{"line":177,"column":4},"end":{"line":177,"column":41}}},"13":{"name":"(anonymous_13)","line":191,"loc":{"start":{"line":191,"column":19},"end":{"line":191,"column":37}}},"14":{"name":"(anonymous_14)","line":193,"loc":{"start":{"line":193,"column":21},"end":{"line":193,"column":33}}},"15":{"name":"(anonymous_15)","line":219,"loc":{"start":{"line":219,"column":72},"end":{"line":219,"column":89}}}},"statementMap":{"1":{"start":{"line":3,"column":0},"end":{"line":227,"column":18}},"2":{"start":{"line":14,"column":2},"end":{"line":186,"column":3}},"3":{"start":{"line":15,"column":4},"end":{"line":15,"column":14}},"4":{"start":{"line":16,"column":4},"end":{"line":16,"column":50}},"5":{"start":{"line":17,"column":4},"end":{"line":17,"column":45}},"6":{"start":{"line":18,"column":4},"end":{"line":18,"column":18}},"7":{"start":{"line":19,"column":4},"end":{"line":19,"column":17}},"8":{"start":{"line":21,"column":4},"end":{"line":21,"column":29}},"9":{"start":{"line":25,"column":4},"end":{"line":50,"column":5}},"10":{"start":{"line":26,"column":6},"end":{"line":26,"column":16}},"11":{"start":{"line":27,"column":6},"end":{"line":27,"column":20}},"12":{"start":{"line":30,"column":6},"end":{"line":30,"column":72}},"13":{"start":{"line":31,"column":6},"end":{"line":35,"column":7}},"14":{"start":{"line":32,"column":8},"end":{"line":32,"column":42}},"15":{"start":{"line":34,"column":8},"end":{"line":34,"column":32}},"16":{"start":{"line":36,"column":6},"end":{"line":36,"column":38}},"17":{"start":{"line":39,"column":6},"end":{"line":39,"column":64}},"18":{"start":{"line":42,"column":6},"end":{"line":42,"column":100}},"19":{"start":{"line":43,"column":6},"end":{"line":43,"column":44}},"20":{"start":{"line":45,"column":6},"end":{"line":45,"column":56}},"21":{"start":{"line":47,"column":6},"end":{"line":49,"column":7}},"22":{"start":{"line":48,"column":8},"end":{"line":48,"column":48}},"23":{"start":{"line":54,"column":4},"end":{"line":83,"column":5}},"24":{"start":{"line":55,"column":6},"end":{"line":55,"column":20}},"25":{"start":{"line":56,"column":6},"end":{"line":56,"column":22}},"26":{"start":{"line":58,"column":6},"end":{"line":58,"column":32}},"27":{"start":{"line":58,"column":20},"end":{"line":58,"column":32}},"28":{"start":{"line":60,"column":6},"end":{"line":62,"column":7}},"29":{"start":{"line":61,"column":8},"end":{"line":61,"column":35}},"30":{"start":{"line":64,"column":6},"end":{"line":66,"column":7}},"31":{"start":{"line":65,"column":8},"end":{"line":65,"column":25}},"32":{"start":{"line":67,"column":6},"end":{"line":72,"column":7}},"33":{"start":{"line":68,"column":8},"end":{"line":68,"column":25}},"34":{"start":{"line":71,"column":8},"end":{"line":71,"column":57}},"35":{"start":{"line":73,"column":6},"end":{"line":73,"column":28}},"36":{"start":{"line":74,"column":6},"end":{"line":74,"column":47}},"37":{"start":{"line":75,"column":6},"end":{"line":75,"column":47}},"38":{"start":{"line":76,"column":6},"end":{"line":82,"column":7}},"39":{"start":{"line":77,"column":8},"end":{"line":77,"column":32}},"40":{"start":{"line":79,"column":8},"end":{"line":81,"column":9}},"41":{"start":{"line":80,"column":10},"end":{"line":80,"column":60}},"42":{"start":{"line":84,"column":4},"end":{"line":97,"column":5}},"43":{"start":{"line":85,"column":6},"end":{"line":85,"column":28}},"44":{"start":{"line":86,"column":6},"end":{"line":86,"column":21}},"45":{"start":{"line":88,"column":6},"end":{"line":88,"column":66}},"46":{"start":{"line":88,"column":15},"end":{"line":88,"column":66}},"47":{"start":{"line":90,"column":6},"end":{"line":94,"column":7}},"48":{"start":{"line":91,"column":8},"end":{"line":91,"column":45}},"49":{"start":{"line":93,"column":8},"end":{"line":93,"column":35}},"50":{"start":{"line":96,"column":6},"end":{"line":96,"column":35}},"51":{"start":{"line":96,"column":15},"end":{"line":96,"column":35}},"52":{"start":{"line":98,"column":4},"end":{"line":102,"column":5}},"53":{"start":{"line":99,"column":6},"end":{"line":99,"column":60}},"54":{"start":{"line":100,"column":6},"end":{"line":100,"column":32}},"55":{"start":{"line":101,"column":6},"end":{"line":101,"column":56}},"56":{"start":{"line":103,"column":4},"end":{"line":105,"column":5}},"57":{"start":{"line":104,"column":6},"end":{"line":104,"column":31}},"58":{"start":{"line":106,"column":4},"end":{"line":115,"column":5}},"59":{"start":{"line":107,"column":6},"end":{"line":107,"column":28}},"60":{"start":{"line":108,"column":6},"end":{"line":108,"column":21}},"61":{"start":{"line":110,"column":6},"end":{"line":110,"column":33}},"62":{"start":{"line":110,"column":16},"end":{"line":110,"column":33}},"63":{"start":{"line":112,"column":6},"end":{"line":112,"column":40}},"64":{"start":{"line":113,"column":6},"end":{"line":113,"column":57}},"65":{"start":{"line":114,"column":6},"end":{"line":114,"column":27}},"66":{"start":{"line":123,"column":4},"end":{"line":136,"column":5}},"67":{"start":{"line":124,"column":6},"end":{"line":124,"column":35}},"68":{"start":{"line":125,"column":6},"end":{"line":125,"column":45}},"69":{"start":{"line":126,"column":6},"end":{"line":126,"column":22}},"70":{"start":{"line":127,"column":6},"end":{"line":130,"column":7}},"71":{"start":{"line":128,"column":8},"end":{"line":128,"column":35}},"72":{"start":{"line":129,"column":8},"end":{"line":129,"column":52}},"73":{"start":{"line":131,"column":6},"end":{"line":131,"column":47}},"74":{"start":{"line":132,"column":6},"end":{"line":135,"column":7}},"75":{"start":{"line":133,"column":8},"end":{"line":133,"column":32}},"76":{"start":{"line":134,"column":8},"end":{"line":134,"column":58}},"77":{"start":{"line":144,"column":4},"end":{"line":148,"column":5}},"78":{"start":{"line":145,"column":6},"end":{"line":147,"column":7}},"79":{"start":{"line":146,"column":8},"end":{"line":146,"column":41}},"80":{"start":{"line":153,"column":4},"end":{"line":172,"column":5}},"81":{"start":{"line":154,"column":6},"end":{"line":154,"column":19}},"82":{"start":{"line":155,"column":6},"end":{"line":155,"column":24}},"83":{"start":{"line":156,"column":6},"end":{"line":156,"column":24}},"84":{"start":{"line":159,"column":6},"end":{"line":159,"column":48}},"85":{"start":{"line":160,"column":6},"end":{"line":160,"column":63}},"86":{"start":{"line":160,"column":41},"end":{"line":160,"column":63}},"87":{"start":{"line":163,"column":6},"end":{"line":163,"column":82}},"88":{"start":{"line":164,"column":6},"end":{"line":164,"column":91}},"89":{"start":{"line":164,"column":69},"end":{"line":164,"column":91}},"90":{"start":{"line":167,"column":6},"end":{"line":167,"column":70}},"91":{"start":{"line":168,"column":6},"end":{"line":168,"column":91}},"92":{"start":{"line":168,"column":69},"end":{"line":168,"column":91}},"93":{"start":{"line":171,"column":6},"end":{"line":171,"column":22}},"94":{"start":{"line":177,"column":4},"end":{"line":183,"column":5}},"95":{"start":{"line":178,"column":6},"end":{"line":178,"column":11}},"96":{"start":{"line":179,"column":6},"end":{"line":179,"column":44}},"97":{"start":{"line":179,"column":28},"end":{"line":179,"column":44}},"98":{"start":{"line":180,"column":6},"end":{"line":180,"column":51}},"99":{"start":{"line":181,"column":6},"end":{"line":181,"column":40}},"100":{"start":{"line":181,"column":23},"end":{"line":181,"column":40}},"101":{"start":{"line":182,"column":6},"end":{"line":182,"column":22}},"102":{"start":{"line":185,"column":4},"end":{"line":185,"column":16}},"103":{"start":{"line":191,"column":2},"end":{"line":212,"column":3}},"104":{"start":{"line":192,"column":4},"end":{"line":192,"column":42}},"105":{"start":{"line":193,"column":4},"end":{"line":211,"column":6}},"106":{"start":{"line":194,"column":6},"end":{"line":194,"column":25}},"107":{"start":{"line":195,"column":6},"end":{"line":195,"column":42}},"108":{"start":{"line":196,"column":6},"end":{"line":196,"column":17}},"109":{"start":{"line":198,"column":6},"end":{"line":200,"column":7}},"110":{"start":{"line":199,"column":8},"end":{"line":199,"column":24}},"111":{"start":{"line":201,"column":6},"end":{"line":203,"column":7}},"112":{"start":{"line":202,"column":8},"end":{"line":202,"column":72}},"113":{"start":{"line":204,"column":6},"end":{"line":206,"column":7}},"114":{"start":{"line":205,"column":8},"end":{"line":205,"column":44}},"115":{"start":{"line":208,"column":6},"end":{"line":210,"column":7}},"116":{"start":{"line":209,"column":8},"end":{"line":209,"column":24}},"117":{"start":{"line":214,"column":2},"end":{"line":214,"column":40}},"118":{"start":{"line":219,"column":2},"end":{"line":226,"column":4}},"119":{"start":{"line":220,"column":4},"end":{"line":220,"column":32}},"120":{"start":{"line":221,"column":4},"end":{"line":221,"column":26}},"121":{"start":{"line":222,"column":4},"end":{"line":222,"column":36}},"122":{"start":{"line":223,"column":4},"end":{"line":223,"column":43}},"123":{"start":{"line":224,"column":4},"end":{"line":224,"column":22}},"124":{"start":{"line":225,"column":4},"end":{"line":225,"column":34}}},"branchMap":{"1":{"line":21,"type":"binary-expr","locations":[{"start":{"line":21,"column":15},"end":{"line":21,"column":23}},{"start":{"line":21,"column":27},"end":{"line":21,"column":29}}]},"2":{"line":30,"type":"binary-expr","locations":[{"start":{"line":30,"column":15},"end":{"line":30,"column":30}},{"start":{"line":30,"column":34},"end":{"line":30,"column":55}},{"start":{"line":30,"column":59},"end":{"line":30,"column":72}}]},"3":{"line":31,"type":"if","locations":[{"start":{"line":31,"column":6},"end":{"line":31,"column":6}},{"start":{"line":31,"column":6},"end":{"line":31,"column":6}}]},"4":{"line":39,"type":"binary-expr","locations":[{"start":{"line":39,"column":18},"end":{"line":39,"column":36}},{"start":{"line":39,"column":40},"end":{"line":39,"column":64}}]},"5":{"line":42,"type":"binary-expr","locations":[{"start":{"line":42,"column":23},"end":{"line":42,"column":37}},{"start":{"line":42,"column":41},"end":{"line":42,"column":68}},{"start":{"line":42,"column":72},"end":{"line":42,"column":100}}]},"6":{"line":47,"type":"if","locations":[{"start":{"line":47,"column":6},"end":{"line":47,"column":6}},{"start":{"line":47,"column":6},"end":{"line":47,"column":6}}]},"7":{"line":58,"type":"if","locations":[{"start":{"line":58,"column":6},"end":{"line":58,"column":6}},{"start":{"line":58,"column":6},"end":{"line":58,"column":6}}]},"8":{"line":60,"type":"if","locations":[{"start":{"line":60,"column":6},"end":{"line":60,"column":6}},{"start":{"line":60,"column":6},"end":{"line":60,"column":6}}]},"9":{"line":60,"type":"binary-expr","locations":[{"start":{"line":60,"column":10},"end":{"line":60,"column":33}},{"start":{"line":60,"column":37},"end":{"line":60,"column":61}}]},"10":{"line":64,"type":"if","locations":[{"start":{"line":64,"column":6},"end":{"line":64,"column":6}},{"start":{"line":64,"column":6},"end":{"line":64,"column":6}}]},"11":{"line":67,"type":"if","locations":[{"start":{"line":67,"column":6},"end":{"line":67,"column":6}},{"start":{"line":67,"column":6},"end":{"line":67,"column":6}}]},"12":{"line":76,"type":"if","locations":[{"start":{"line":76,"column":6},"end":{"line":76,"column":6}},{"start":{"line":76,"column":6},"end":{"line":76,"column":6}}]},"13":{"line":79,"type":"if","locations":[{"start":{"line":79,"column":8},"end":{"line":79,"column":8}},{"start":{"line":79,"column":8},"end":{"line":79,"column":8}}]},"14":{"line":88,"type":"if","locations":[{"start":{"line":88,"column":6},"end":{"line":88,"column":6}},{"start":{"line":88,"column":6},"end":{"line":88,"column":6}}]},"15":{"line":90,"type":"if","locations":[{"start":{"line":90,"column":6},"end":{"line":90,"column":6}},{"start":{"line":90,"column":6},"end":{"line":90,"column":6}}]},"16":{"line":96,"type":"if","locations":[{"start":{"line":96,"column":6},"end":{"line":96,"column":6}},{"start":{"line":96,"column":6},"end":{"line":96,"column":6}}]},"17":{"line":110,"type":"if","locations":[{"start":{"line":110,"column":6},"end":{"line":110,"column":6}},{"start":{"line":110,"column":6},"end":{"line":110,"column":6}}]},"18":{"line":127,"type":"if","locations":[{"start":{"line":127,"column":6},"end":{"line":127,"column":6}},{"start":{"line":127,"column":6},"end":{"line":127,"column":6}}]},"19":{"line":132,"type":"if","locations":[{"start":{"line":132,"column":6},"end":{"line":132,"column":6}},{"start":{"line":132,"column":6},"end":{"line":132,"column":6}}]},"20":{"line":145,"type":"if","locations":[{"start":{"line":145,"column":6},"end":{"line":145,"column":6}},{"start":{"line":145,"column":6},"end":{"line":145,"column":6}}]},"21":{"line":160,"type":"if","locations":[{"start":{"line":160,"column":6},"end":{"line":160,"column":6}},{"start":{"line":160,"column":6},"end":{"line":160,"column":6}}]},"22":{"line":164,"type":"if","locations":[{"start":{"line":164,"column":6},"end":{"line":164,"column":6}},{"start":{"line":164,"column":6},"end":{"line":164,"column":6}}]},"23":{"line":168,"type":"if","locations":[{"start":{"line":168,"column":6},"end":{"line":168,"column":6}},{"start":{"line":168,"column":6},"end":{"line":168,"column":6}}]},"24":{"line":179,"type":"if","locations":[{"start":{"line":179,"column":6},"end":{"line":179,"column":6}},{"start":{"line":179,"column":6},"end":{"line":179,"column":6}}]},"25":{"line":181,"type":"if","locations":[{"start":{"line":181,"column":6},"end":{"line":181,"column":6}},{"start":{"line":181,"column":6},"end":{"line":181,"column":6}}]},"26":{"line":198,"type":"if","locations":[{"start":{"line":198,"column":6},"end":{"line":198,"column":6}},{"start":{"line":198,"column":6},"end":{"line":198,"column":6}}]},"27":{"line":201,"type":"if","locations":[{"start":{"line":201,"column":6},"end":{"line":201,"column":6}},{"start":{"line":201,"column":6},"end":{"line":201,"column":6}}]},"28":{"line":204,"type":"if","locations":[{"start":{"line":204,"column":6},"end":{"line":204,"column":6}},{"start":{"line":204,"column":6},"end":{"line":204,"column":6}}]},"29":{"line":208,"type":"if","locations":[{"start":{"line":208,"column":6},"end":{"line":208,"column":6}},{"start":{"line":208,"column":6},"end":{"line":208,"column":6}}]}}}}